Mensaje I / 00:00:00:000 / Root(00) para top(01)
Mensaje I / 00:00:00:000 / top(01) para nodegenerator(02)
Mensaje D / 00:00:00:000 / nodegenerator(02) / 00:00:00:000 para top(01)
Mensaje D / 00:00:00:000 / top(01) / 00:00:00:000 para Root(00)
Mensaje * / 00:00:00:000 / Root(00) para top(01)
Mensaje * / 00:00:00:000 / top(01) para nodegenerator(02)
Mensaje Y / 00:00:00:000 / nodegenerator(02) / aout /      1.00000 para top(01)
Mensaje D / 00:00:00:000 / nodegenerator(02) / 00:00:04:000 para top(01)
Mensaje Y / 00:00:00:000 / top(01) / out1 /      1.00000 para Root(00)
Mensaje D / 00:00:00:000 / top(01) / 00:00:04:000 para Root(00)
Mensaje * / 00:00:04:000 / Root(00) para top(01)
Mensaje * / 00:00:04:000 / top(01) para nodegenerator(02)
Mensaje Y / 00:00:04:000 / nodegenerator(02) / aout /      1.00000 para top(01)
Mensaje D / 00:00:04:000 / nodegenerator(02) / 00:00:03:000 para top(01)
Mensaje Y / 00:00:04:000 / top(01) / out1 /      1.00000 para Root(00)
Mensaje D / 00:00:04:000 / top(01) / 00:00:03:000 para Root(00)
Mensaje * / 00:00:07:000 / Root(00) para top(01)
Mensaje * / 00:00:07:000 / top(01) para nodegenerator(02)
Mensaje Y / 00:00:07:000 / nodegenerator(02) / aout /      1.00000 para top(01)
Mensaje D / 00:00:07:000 / nodegenerator(02) / 00:00:01:000 para top(01)
Mensaje Y / 00:00:07:000 / top(01) / out1 /      1.00000 para Root(00)
Mensaje D / 00:00:07:000 / top(01) / 00:00:01:000 para Root(00)
Mensaje * / 00:00:08:000 / Root(00) para top(01)
Mensaje * / 00:00:08:000 / top(01) para nodegenerator(02)
Mensaje Y / 00:00:08:000 / nodegenerator(02) / aout /      1.00000 para top(01)
Mensaje D / 00:00:08:000 / nodegenerator(02) / 00:00:00:000 para top(01)
Mensaje Y / 00:00:08:000 / top(01) / out1 /      1.00000 para Root(00)
Mensaje D / 00:00:08:000 / top(01) / 00:00:00:000 para Root(00)
Mensaje * / 00:00:08:000 / Root(00) para top(01)
Mensaje * / 00:00:08:000 / top(01) para nodegenerator(02)
Mensaje Y / 00:00:08:000 / nodegenerator(02) / aout /      1.00000 para top(01)
Mensaje D / 00:00:08:000 / nodegenerator(02) / 00:00:00:000 para top(01)
Mensaje Y / 00:00:08:000 / top(01) / out1 /      1.00000 para Root(00)
Mensaje D / 00:00:08:000 / top(01) / 00:00:00:000 para Root(00)
Mensaje * / 00:00:08:000 / Root(00) para top(01)
Mensaje * / 00:00:08:000 / top(01) para nodegenerator(02)
Mensaje Y / 00:00:08:000 / nodegenerator(02) / aout /      1.00000 para top(01)
Mensaje D / 00:00:08:000 / nodegenerator(02) / 00:00:04:000 para top(01)
Mensaje Y / 00:00:08:000 / top(01) / out1 /      1.00000 para Root(00)
Mensaje D / 00:00:08:000 / top(01) / 00:00:04:000 para Root(00)
